0 info it worked if it ends with ok
1 verbose cli [ 'D:\\Program Files\\nodejs\\node.exe',
1 verbose cli   'D:\\Program Files\\nodejs\\node_modules\\npm\\bin\\npm-cli.js',
1 verbose cli   'install',
1 verbose cli   '-g',
1 verbose cli   'n' ]
2 info using npm@3.3.12
3 info using node@v5.2.0
4 silly loadCurrentTree Starting
5 silly install loadCurrentTree
6 silly install readGlobalPackageData
7 silly fetchPackageMetaData n
8 silly fetchNamedPackageData n
9 silly mapToRegistry name n
10 silly mapToRegistry using default registry
11 silly mapToRegistry registry https://registry.npmjs.org/
12 silly mapToRegistry uri https://registry.npmjs.org/n
13 verbose request uri https://registry.npmjs.org/n
14 verbose request no auth needed
15 info attempt registry request try #1 at 11:51:59 PM
16 verbose request id 0428a6fa210639b5
17 verbose etag "46QCIZ89OXO2KU7X24W0XQH19"
18 http request GET https://registry.npmjs.org/n
19 http 304 https://registry.npmjs.org/n
20 verbose headers { date: 'Sun, 27 Mar 2016 03:51:45 GMT',
20 verbose headers   via: '1.1 varnish',
20 verbose headers   'cache-control': 'max-age=300',
20 verbose headers   etag: '"46QCIZ89OXO2KU7X24W0XQH19"',
20 verbose headers   age: '0',
20 verbose headers   connection: 'keep-alive',
20 verbose headers   'x-served-by': 'cache-ord1739-ORD',
20 verbose headers   'x-cache': 'HIT',
20 verbose headers   'x-cache-hits': '1',
20 verbose headers   'x-timer': 'S1459050705.081593,VS0,VE143',
20 verbose headers   vary: 'Accept' }
21 silly get cb [ 304,
21 silly get   { date: 'Sun, 27 Mar 2016 03:51:45 GMT',
21 silly get     via: '1.1 varnish',
21 silly get     'cache-control': 'max-age=300',
21 silly get     etag: '"46QCIZ89OXO2KU7X24W0XQH19"',
21 silly get     age: '0',
21 silly get     connection: 'keep-alive',
21 silly get     'x-served-by': 'cache-ord1739-ORD',
21 silly get     'x-cache': 'HIT',
21 silly get     'x-cache-hits': '1',
21 silly get     'x-timer': 'S1459050705.081593,VS0,VE143',
21 silly get     vary: 'Accept' } ]
22 verbose etag https://registry.npmjs.org/n from cache
23 verbose get saving n to C:\Users\fourpoundburrito\AppData\Roaming\npm-cache\registry.npmjs.org\n\.cache.json
24 silly install normalizeTree
25 silly loadCurrentTree Finishing
26 silly loadIdealTree Starting
27 silly install loadIdealTree
28 silly cloneCurrentTree Starting
29 silly install cloneCurrentTreeToIdealTree
30 silly cloneCurrentTree Finishing
31 silly loadShrinkwrap Starting
32 silly install loadShrinkwrap
33 silly loadShrinkwrap Finishing
34 silly loadAllDepsIntoIdealTree Starting
35 silly install loadAllDepsIntoIdealTree
36 silly rollbackFailedOptional Starting
37 silly rollbackFailedOptional Finishing
38 silly runTopLevelLifecycles Starting
39 silly runTopLevelLifecycles Finishing
40 silly install printInstalled
41 verbose stack Error: Unsupported
41 verbose stack     at checkPlatform (D:\Program Files\nodejs\node_modules\npm\node_modules\npm-install-checks\index.js:46:14)
41 verbose stack     at Array.<anonymous> (D:\Program Files\nodejs\node_modules\npm\node_modules\slide\lib\bind-actor.js:15:8)
41 verbose stack     at LOOP (D:\Program Files\nodejs\node_modules\npm\node_modules\slide\lib\chain.js:15:14)
41 verbose stack     at D:\Program Files\nodejs\node_modules\npm\node_modules\slide\lib\chain.js:18:7
41 verbose stack     at checkEngine (D:\Program Files\nodejs\node_modules\npm\node_modules\npm-install-checks\index.js:25:10)
41 verbose stack     at Array.<anonymous> (D:\Program Files\nodejs\node_modules\npm\node_modules\slide\lib\bind-actor.js:15:8)
41 verbose stack     at LOOP (D:\Program Files\nodejs\node_modules\npm\node_modules\slide\lib\chain.js:15:14)
41 verbose stack     at chain (D:\Program Files\nodejs\node_modules\npm\node_modules\slide\lib\chain.js:20:5)
41 verbose stack     at module.exports.isInstallable (D:\Program Files\nodejs\node_modules\npm\lib\install\validate-args.js:26:3)
41 verbose stack     at Array.<anonymous> (D:\Program Files\nodejs\node_modules\npm\node_modules\slide\lib\bind-actor.js:15:8)
42 verbose pkgid n@2.1.0
43 verbose cwd D:\development\node\helloexpress
44 error Windows_NT 6.1.7601
45 error argv "D:\\Program Files\\nodejs\\node.exe" "D:\\Program Files\\nodejs\\node_modules\\npm\\bin\\npm-cli.js" "install" "-g" "n"
46 error node v5.2.0
47 error npm  v3.3.12
48 error code EBADPLATFORM
49 error notsup Unsupported
49 error notsup Not compatible with your operating system or architecture: n@2.1.0
49 error notsup Valid OS:    !win32
49 error notsup Valid Arch:  any
49 error notsup Actual OS:   win32
49 error notsup Actual Arch: x64
50 verbose exit [ 1, true ]
